Using pre-set license
Built from '2020.3/staging' branch; Version is '2020.3.0f1 (c7b5465681fb) revision 13088070'; Using compiler version '192528614'; Build Type 'Release'
OS: 'Windows 10 Home; OS build 19041.867; Version 2004; 64bit' Language: 'en' Physical Memory: 16207 MB
BatchMode: 1, IsHumanControllingUs: 0, StartBugReporterOnCrash: 0, Is64bit: 1, IsPro: 0

 COMMAND LINE ARGUMENTS:
C:\Program Files\Unity\Hub\Editor\2020.3.0f1\Editor\Unity.exe
-adb2
-batchMode
-noUpm
-name
AssetImportWorker0
-projectPath
C:/Users/klius/Documents/Unity-ARFoundation-echoAR-example-master
-logFile
Logs/AssetImportWorker0.log
-srvPort
53429
Successfully changed project path to: C:/Users/klius/Documents/Unity-ARFoundation-echoAR-example-master
C:/Users/klius/Documents/Unity-ARFoundation-echoAR-example-master
Using Asset Import Pipeline V2.
Refreshing native plugins compatible for Editor in 57.96 ms, found 1 plugins.
Preloading 1 native plugins for Editor in 2.32 ms.
Initialize engine version: 2020.3.0f1 (c7b5465681fb)
[Subsystems] Discovering subsystems at path C:/Program Files/Unity/Hub/Editor/2020.3.0f1/Editor/Data/Resources/UnitySubsystems
[Subsystems] Discovering subsystems at path C:/Users/klius/Documents/Unity-ARFoundation-echoAR-example-master/Assets
GfxDevice: creating device client; threaded=0
Direct3D:
    Version:  Direct3D 11.0 [level 11.1]
    Renderer: NVIDIA GeForce GTX 1050 (ID=0x1c8d)
    Vendor:   
    VRAM:     1979 MB
    Driver:   23.21.13.9125
Initialize mono
Mono path[0] = 'C:/Program Files/Unity/Hub/Editor/2020.3.0f1/Editor/Data/Managed'
Mono path[1] = 'C:/Program Files/Unity/Hub/Editor/2020.3.0f1/Editor/Data/MonoBleedingEdge/lib/mono/unityjit'
Mono config path = 'C:/Program Files/Unity/Hub/Editor/2020.3.0f1/Editor/Data/MonoBleedingEdge/etc'
Using monoOptions --debugger-agent=transport=dt_socket,embedding=1,server=y,suspend=n,address=127.0.0.1:56984
Begin MonoManager ReloadAssembly
Registering precompiled unity dll's ...
Register platform support module: C:/Program Files/Unity/Hub/Editor/2020.3.0f1/Editor/Data/PlaybackEngines/WindowsStandaloneSupport/UnityEditor.WindowsStandalone.Extensions.dll
Registered in 0.003159 seconds.
Native extension for WindowsStandalone target not found
Refreshing native plugins compatible for Editor in 43.31 ms, found 1 plugins.
Preloading 1 native plugins for Editor in 0.11 ms.
Invoked RoslynAnalysisRunner static constructor.
RoslynAnalysisRunner will not be running.
RoslynAnalysisRunner has terminated.
Mono: successfully reloaded assembly
- Completed reload, in  1.472 seconds
Platform modules already initialized, skipping
Registering precompiled user dll's ...
Registered in 0.006079 seconds.
Begin MonoManager ReloadAssembly
Native extension for WindowsStandalone target not found
Refreshing native plugins compatible for Editor in 46.27 ms, found 1 plugins.
Preloading 1 native plugins for Editor in 0.13 ms.
Invoked RoslynAnalysisRunner static constructor.
RoslynAnalysisRunner will not be running.
RoslynAnalysisRunner has terminated.
Mono: successfully reloaded assembly
- Completed reload, in  1.168 seconds
Platform modules already initialized, skipping
========================================================================
Worker process is ready to serve import requests
Launched and connected shader compiler UnityShaderCompiler.exe after 0.07 seconds
Refreshing native plugins compatible for Editor in 1.17 ms, found 1 plugins.
Preloading 1 native plugins for Editor in 0.12 ms.
Unloading 1869 Unused Serialized files (Serialized files now loaded: 0)
System memory in use before: 85.7 MB.
System memory in use after: 83.9 MB.

Unloading 43 unused Assets to reduce memory usage. Loaded Objects now: 2292.
Total: 5.175500 ms (FindLiveObjects: 0.351100 ms CreateObjectMapping: 0.119100 ms MarkObjects: 2.520700 ms  DeleteObjects: 2.182900 ms)

========================================================================
Received Import Request.
  path: Assets/echoAR/echoAR.prefab
  artifactKey: Guid(e1d4d8772d02a5a47acd9aa621ae8c34) Importer(815301076,1909f56bfc062723c751e8b465ee728b)
Start importing Assets/echoAR/echoAR.prefab using Guid(e1d4d8772d02a5a47acd9aa621ae8c34) Importer(815301076,1909f56bfc062723c751e8b465ee728b)  -> (artifact id: 'e327da77b8d64120680cec314f62733f') in 0.057452 seconds
  Import took 0.060945 seconds .

========================================================================
Received Import Request.
  Time since last request: 0.000473 seconds.
  path: Assets/echoAR
  artifactKey: Guid(d698d8a06c531dc47ae04023eb4a1a58) Importer(815301076,1909f56bfc062723c751e8b465ee728b)
Start importing Assets/echoAR using Guid(d698d8a06c531dc47ae04023eb4a1a58) Importer(815301076,1909f56bfc062723c751e8b465ee728b)  -> (artifact id: 'bdb9da82caa59c4658b28768e192adb3') in 0.003172 seconds
  Import took 0.006434 seconds .

========================================================================
Received Import Request.
  Time since last request: 0.663558 seconds.
  path: Assets/echoAR/echoAR.cs
  artifactKey: Guid(bbf1207ab2260994aa98cbfa9f61c3a3) Importer(815301076,1909f56bfc062723c751e8b465ee728b)
Start importing Assets/echoAR/echoAR.cs using Guid(bbf1207ab2260994aa98cbfa9f61c3a3) Importer(815301076,1909f56bfc062723c751e8b465ee728b)  -> (artifact id: 'bef43223301ee5a370771da6cd30f3ab') in 0.028451 seconds
  Import took 0.034088 seconds .

========================================================================
Received Import Request.
  Time since last request: 0.025881 seconds.
  path: Assets/echoAR/echoAR.cs
  artifactKey: Guid(bbf1207ab2260994aa98cbfa9f61c3a3) Importer(815301076,1909f56bfc062723c751e8b465ee728b)
Start importing Assets/echoAR/echoAR.cs using Guid(bbf1207ab2260994aa98cbfa9f61c3a3) Importer(815301076,1909f56bfc062723c751e8b465ee728b)  -> (artifact id: 'bef43223301ee5a370771da6cd30f3ab') in 0.005080 seconds
  Import took 0.015317 seconds .

========================================================================
Received Import Request.
  Time since last request: 13.835303 seconds.
  path: Assets/AR Foundation/Scenes
  artifactKey: Guid(4f704ae4b4f98ae41a0bce26658850c1) Importer(815301076,1909f56bfc062723c751e8b465ee728b)
Start importing Assets/AR Foundation/Scenes using Guid(4f704ae4b4f98ae41a0bce26658850c1) Importer(815301076,1909f56bfc062723c751e8b465ee728b)  -> (artifact id: 'cd956b492e40d01e9a6d0224c1ef2a95') in 0.005685 seconds
  Import took 0.009991 seconds .

========================================================================
Received Import Request.
  Time since last request: 3.695072 seconds.
  path: Assets/AR Foundation/Scenes/SimpleAR
  artifactKey: Guid(86734efe1150d4800b3bceff47af8063) Importer(815301076,1909f56bfc062723c751e8b465ee728b)
Start importing Assets/AR Foundation/Scenes/SimpleAR using Guid(86734efe1150d4800b3bceff47af8063) Importer(815301076,1909f56bfc062723c751e8b465ee728b)  -> (artifact id: '12eafdabbd5f11a452467e292a3aa830') in 0.007553 seconds
  Import took 0.012255 seconds .

========================================================================
Received Import Request.
  Time since last request: 0.067311 seconds.
  path: Assets/AR Foundation/Scenes/SimpleAR/ARSessionPrefab.prefab
  artifactKey: Guid(90290c13d4a3d46eea32be3d6a1a14c4) Importer(815301076,1909f56bfc062723c751e8b465ee728b)
Start importing Assets/AR Foundation/Scenes/SimpleAR/ARSessionPrefab.prefab using Guid(90290c13d4a3d46eea32be3d6a1a14c4) Importer(815301076,1909f56bfc062723c751e8b465ee728b)  -> (artifact id: '2d18819a6513d13967c1a8a2151bc3e4') in 0.009589 seconds
  Import took 0.013354 seconds .

========================================================================
Received Import Request.
  Time since last request: 8.679674 seconds.
  path: Assets/AR Foundation/Scenes/SimpleAR/SimpleAR.unity
  artifactKey: Guid(99c9720ab356a0642a771bea13969a05) Importer(815301076,1909f56bfc062723c751e8b465ee728b)
Start importing Assets/AR Foundation/Scenes/SimpleAR/SimpleAR.unity using Guid(99c9720ab356a0642a771bea13969a05) Importer(815301076,1909f56bfc062723c751e8b465ee728b)  -> (artifact id: '4ae86aa3831399c791301e8d20e299c8') in 0.006536 seconds
  Import took 0.010716 seconds .

AssetImportWorkerClient::OnTransportError - code=2 error=End of file
